\BOOKMARK [1][-]{section.1}{\376\377\000I\000n\000t\000r\000o\000d\000u\000c\000t\000i\000o\000n}{}% 1
\BOOKMARK [1][-]{section.2}{\376\377\000S\000n\000a\000p\000s\000h\000o\000t\000\040\0001\000\040\000O\000b\000j\000e\000c\000t\000i\000v\000e\000s}{}% 2
\BOOKMARK [2][-]{subsection.2.1}{\376\377\000G\000o\000a\000l}{section.2}% 3
\BOOKMARK [2][-]{subsection.2.2}{\376\377\000F\000u\000n\000c\000t\000i\000o\000n\000a\000l\000\040\000O\000b\000j\000e\000c\000t\000i\000v\000e\000s}{section.2}% 4
\BOOKMARK [2][-]{subsection.2.3}{\376\377\000D\000e\000s\000i\000g\000n\000\040\000a\000n\000d\000\040\000D\000o\000c\000u\000m\000e\000n\000t\000a\000t\000i\000o\000n\000\040\000O\000b\000j\000e\000c\000t\000i\000v\000e\000s}{section.2}% 5
\BOOKMARK [2][-]{subsection.2.4}{\376\377\000T\000e\000s\000t\000i\000n\000g\000\040\000O\000b\000j\000e\000c\000t\000i\000v\000e\000s}{section.2}% 6
\BOOKMARK [1][-]{section.3}{\376\377\000S\000n\000a\000p\000s\000h\000o\000t\000\040\0002\000\040\000O\000b\000j\000e\000c\000t\000i\000v\000e\000s}{}% 7
\BOOKMARK [2][-]{subsection.3.1}{\376\377\000G\000o\000a\000l}{section.3}% 8
\BOOKMARK [2][-]{subsection.3.2}{\376\377\000F\000u\000n\000c\000t\000i\000o\000n\000a\000l\000\040\000O\000b\000j\000e\000c\000t\000i\000v\000e\000s}{section.3}% 9
\BOOKMARK [2][-]{subsection.3.3}{\376\377\000D\000e\000s\000i\000g\000n\000\040\000a\000n\000d\000\040\000D\000o\000c\000u\000m\000e\000n\000t\000a\000t\000i\000o\000n\000\040\000O\000b\000j\000e\000c\000t\000i\000v\000e\000s}{section.3}% 10
\BOOKMARK [2][-]{subsection.3.4}{\376\377\000T\000e\000s\000t\000i\000n\000g\000\040\000O\000b\000j\000e\000c\000t\000i\000v\000e\000s}{section.3}% 11
\BOOKMARK [1][-]{section.4}{\376\377\000S\000n\000a\000p\000s\000h\000o\000t\000\040\0003\000\040\000O\000b\000j\000e\000c\000t\000i\000v\000e\000s}{}% 12
\BOOKMARK [2][-]{subsection.4.1}{\376\377\000G\000o\000a\000l}{section.4}% 13
\BOOKMARK [2][-]{subsection.4.2}{\376\377\000F\000u\000n\000c\000t\000i\000o\000n\000a\000l\000\040\000O\000b\000j\000e\000c\000t\000i\000v\000e\000s}{section.4}% 14
\BOOKMARK [2][-]{subsection.4.3}{\376\377\000D\000e\000s\000i\000g\000n\000\040\000a\000n\000d\000\040\000D\000o\000c\000u\000m\000e\000n\000t\000a\000t\000i\000o\000n\000\040\000O\000b\000j\000e\000c\000t\000i\000v\000e\000s}{section.4}% 15
\BOOKMARK [2][-]{subsection.4.4}{\376\377\000T\000e\000s\000t\000i\000n\000g\000\040\000O\000b\000j\000e\000c\000t\000i\000v\000e\000s}{section.4}% 16
\BOOKMARK [1][-]{section.5}{\376\377\000S\000n\000a\000p\000s\000h\000o\000t\000\040\0004\000\040\000O\000b\000j\000e\000c\000t\000i\000v\000e\000s}{}% 17
\BOOKMARK [2][-]{subsection.5.1}{\376\377\000G\000o\000a\000l}{section.5}% 18
\BOOKMARK [2][-]{subsection.5.2}{\376\377\000F\000u\000n\000c\000t\000i\000o\000n\000a\000l\000\040\000O\000b\000j\000e\000c\000t\000i\000v\000e\000s}{section.5}% 19
\BOOKMARK [2][-]{subsection.5.3}{\376\377\000D\000e\000s\000i\000g\000n\000\040\000a\000n\000d\000\040\000D\000o\000c\000u\000m\000e\000n\000t\000a\000t\000i\000o\000n\000\040\000O\000b\000j\000e\000c\000t\000i\000v\000e\000s}{section.5}% 20
\BOOKMARK [2][-]{subsection.5.4}{\376\377\000T\000e\000s\000t\000i\000n\000g\000\040\000O\000b\000j\000e\000c\000t\000i\000v\000e\000s}{section.5}% 21
